<?xml version="1.0" encoding="UTF-8"?>
<!-- Generated by org.testng.reporters.JUnitXMLReporter -->
<testsuite ignored="0" hostname="Jeevak-PC" failures="0" tests="7" name="Surefire test" time="0.168" errors="0" timestamp="2021-03-30T19:51:41 IST">
  <testcase classname="qastartAcademy.AppiumTest" name="IOSApps" time="0.023"/>
  <testcase classname="qastartAcademy.AppiumTest" name="NativeAppAndroid" time="0.0"/>
  <testcase classname="qastartAcademy.AppTest" name="shouldAnswerWithTrue" time="0.006"/>
  <testcase classname="qastartAcademy.RESTAPITest" name="deleteTwitter" time="0.0"/>
  <testcase classname="qastartAcademy.RESTAPITest" name="postJira" time="0.0"/>
  <testcase classname="qastartAcademy.SeleniumTest" name="BrowserAutomation" time="0.001"/>
  <testcase classname="qastartAcademy.SeleniumTest" name="elementsUI" time="0.001"/>
</testsuite> <!-- Surefire test -->
