<?xml version="1.0" encoding="UTF-8"?>
<testng-results ignored="0" total="7" passed="7" failed="0" skipped="0">
  <reporter-output>
  </reporter-output>
  <suite started-at="2021-03-30T20:01:35 IST" name="Suite" finished-at="2021-03-30T20:01:35 IST" duration-ms="192">
    <groups>
    </groups>
    <test started-at="2021-03-30T20:01:35 IST" name="Test" finished-at="2021-03-30T20:01:35 IST" duration-ms="192">
      <class name="qastartAcademy.SeleniumTest">
        <test-method signature="BrowserAutomation()[pri:0, instance:qastartAcademy.SeleniumTest@63355449]" started-at="2021-03-30T20:01:35 IST" name="BrowserAutomation" finished-at="2021-03-30T20:01:35 IST" duration-ms="1" status="PASS">
          <reporter-output>
          </reporter-output>
        </test-method> <!-- BrowserAutomation -->
        <test-method signature="elementsUI()[pri:0, instance:qastartAcademy.SeleniumTest@63355449]" started-at="2021-03-30T20:01:35 IST" name="elementsUI" finished-at="2021-03-30T20:01:35 IST" duration-ms="0" status="PASS">
          <reporter-output>
          </reporter-output>
        </test-method> <!-- elementsUI -->
      </class> <!-- qastartAcademy.SeleniumTest -->
      <class name="qastartAcademy.RESTAPITest">
        <test-method signature="deleteTwitter()[pri:0, instance:qastartAcademy.RESTAPITest@7e0b85f9]" started-at="2021-03-30T20:01:35 IST" name="deleteTwitter" finished-at="2021-03-30T20:01:35 IST" duration-ms="1" status="PASS">
          <reporter-output>
          </reporter-output>
        </test-method> <!-- deleteTwitter -->
        <test-method signature="postJira()[pri:0, instance:qastartAcademy.RESTAPITest@7e0b85f9]" started-at="2021-03-30T20:01:35 IST" name="postJira" finished-at="2021-03-30T20:01:35 IST" duration-ms="4" status="PASS">
          <reporter-output>
          </reporter-output>
        </test-method> <!-- postJira -->
      </class> <!-- qastartAcademy.RESTAPITest -->
      <class name="qastartAcademy.AppiumTest">
        <test-method signature="IOSApps()[pri:0, instance:qastartAcademy.AppiumTest@2e4b8173]" started-at="2021-03-30T20:01:35 IST" name="IOSApps" finished-at="2021-03-30T20:01:35 IST" duration-ms="28" status="PASS">
          <reporter-output>
          </reporter-output>
        </test-method> <!-- IOSApps -->
        <test-method signature="NativeAppAndroid()[pri:0, instance:qastartAcademy.AppiumTest@2e4b8173]" started-at="2021-03-30T20:01:35 IST" name="NativeAppAndroid" finished-at="2021-03-30T20:01:35 IST" duration-ms="1" status="PASS">
          <reporter-output>
          </reporter-output>
        </test-method> <!-- NativeAppAndroid -->
      </class> <!-- qastartAcademy.AppiumTest -->
      <class name="qastartAcademy.AppTest">
        <test-method signature="shouldAnswerWithTrue()[pri:0, instance:qastartAcademy.AppTest@9353778]" started-at="2021-03-30T20:01:35 IST" name="shouldAnswerWithTrue" finished-at="2021-03-30T20:01:35 IST" duration-ms="20" status="PASS">
          <reporter-output>
          </reporter-output>
        </test-method> <!-- shouldAnswerWithTrue -->
      </class> <!-- qastartAcademy.AppTest -->
    </test> <!-- Test -->
  </suite> <!-- Suite -->
</testng-results>
