<?xml version="1.0" encoding="UTF-8"?>
<testsuite xmlns:xsi="http://www.w3.org/2001/XMLSchema-instance" xsi:noNamespaceSchemaLocation="https://maven.apache.org/surefire/maven-surefire-plugin/xsd/surefire-test-report-3.0.xsd" version="3.0" name="TestSuite" time="4.25" tests="7" errors="0" skipped="0" failures="0">
  <properties>
[...]
</properties>
  <testcase name="IOSApps" classname="qastartAcademy.AppiumTest" time="0.051">
    <system-out><![CDATA[IOSApp
]]></system-out>
  </testcase>
  <testcase name="NativeAppAndroid" classname="qastartAcademy.AppiumTest" time="0.006">
    <system-out><![CDATA[nativeAndroid
]]></system-out>
  </testcase>
  <testcase name="deleteTwitter" classname="qastartAcademy.RESTAPITest" time="0.001">
    <system-out><![CDATA[deleteTwitter
]]></system-out>
  </testcase>
  <testcase name="postJira" classname="qastartAcademy.RESTAPITest" time="0.001">
    <system-out><![CDATA[postJira
]]></system-out>
  </testcase>
  <testcase name="BrowserAutomation" classname="qastartAcademy.SeleniumTest" time="0.001">
    <system-out><![CDATA[BrowserAutomation
]]></system-out>
  </testcase>
  <testcase name="elementsUI" classname="qastartAcademy.SeleniumTest" time="0.001">
    <system-out><![CDATA[elementsUI
]]></system-out>
  </testcase>
  <testcase name="shouldAnswerWithTrue" classname="qastartAcademy.AppTest" time="0.007"/>
</testsuite>